<?xml version="1.0" encoding="UTF-8"?>
<!-- Generated by org.testng.reporters.JUnitXMLReporter -->
<testsuite ignored="0" hostname="Thuys-MacBook-Pro.local" failures="0" tests="3" name="AutomationTestProject run on edge" time="75.755" errors="0" timestamp="2023-12-17T18:18:36 ICT">
  <testcase classname="automation.testsuite.day17_btvn" name="@BeforeMethod openChrome" time="38.29">
    <failure type="org.openqa.selenium.TimeoutException" message="timeout: Timed out receiving message from renderer: 28.950
  (Session info: MicrosoftEdge=120.0.2210.77)
Build info: version: &amp;apos;4.10.0&amp;apos;, revision: &amp;apos;c14d967899&amp;apos;
System info: os.name: &amp;apos;Mac OS X&amp;apos;, os.arch: &amp;apos;x86_64&amp;apos;, os.version: &amp;apos;12.0.1&amp;apos;, java.version: &amp;apos;17.0.8.1&amp;apos;
Driver info: org.openqa.selenium.edge.EdgeDriver
Command: [2b70745779db0b03a58d6c11eeb08a02, get {url=https://mediamart.vn/}]
Capabilities {acceptInsecureCerts: false, browserName: MicrosoftEdge, browserVersion: 120.0.2210.77, fedcm:accounts: true, ms:edgeOptions: {debuggerAddress: localhost:62676}, msedge: {msedgedriverVersion: 120.0.2210.77 (e8468c80f044..., userDataDir: /var/folders/qy/s33jq4td7fb...}, networkConnectionEnabled: false, pageLoadStrategy: normal, platformName: mac, proxy: Proxy(), se:cdp: ws://localhost:62676/devtoo..., se:cdpVersion: 120.0.2210.77, setWindowRect: true, strictFileInteractability: false, timeouts: {implicit: 0, pageLoad: 300000, script: 30000}, unhandledPromptBehavior: dismiss and notify, webauthn:extension:credBlob: true, webauthn:extension:largeBlob: true, webauthn:extension:minPinLength: true, webauthn:extension:prf: true, webauthn:virtualAuthenticators: true}
Session ID: 2b70745779db0b03a58d6c11eeb08a02">
      <![CDATA[org.openqa.selenium.TimeoutException: timeout: Timed out receiving message from renderer: 28.950
  (Session info: MicrosoftEdge=120.0.2210.77)
Build info: version: '4.10.0', revision: 'c14d967899'
System info: os.name: 'Mac OS X', os.arch: 'x86_64', os.version: '12.0.1', java.version: '17.0.8.1'
Driver info: org.openqa.selenium.edge.EdgeDriver
Command: [2b70745779db0b03a58d6c11eeb08a02, get {url=https://mediamart.vn/}]
Capabilities {acceptInsecureCerts: false, browserName: MicrosoftEdge, browserVersion: 120.0.2210.77, fedcm:accounts: true, ms:edgeOptions: {debuggerAddress: localhost:62676}, msedge: {msedgedriverVersion: 120.0.2210.77 (e8468c80f044..., userDataDir: /var/folders/qy/s33jq4td7fb...}, networkConnectionEnabled: false, pageLoadStrategy: normal, platformName: mac, proxy: Proxy(), se:cdp: ws://localhost:62676/devtoo..., se:cdpVersion: 120.0.2210.77, setWindowRect: true, strictFileInteractability: false, timeouts: {implicit: 0, pageLoad: 300000, script: 30000}, unhandledPromptBehavior: dismiss and notify, webauthn:extension:credBlob: true, webauthn:extension:largeBlob: true, webauthn:extension:minPinLength: true, webauthn:extension:prf: true, webauthn:virtualAuthenticators: true}
Session ID: 2b70745779db0b03a58d6c11eeb08a02
at org.openqa.selenium.remote.codec.w3c.W3CHttpResponseCodec.createException(W3CHttpResponseCodec.java:199)
at org.openqa.selenium.remote.codec.w3c.W3CHttpResponseCodec.decode(W3CHttpResponseCodec.java:132)
at org.openqa.selenium.remote.codec.w3c.W3CHttpResponseCodec.decode(W3CHttpResponseCodec.java:51)
at org.openqa.selenium.remote.HttpCommandExecutor.execute(HttpCommandExecutor.java:191)
at org.openqa.selenium.remote.service.DriverCommandExecutor.invokeExecute(DriverCommandExecutor.java:196)
at org.openqa.selenium.remote.service.DriverCommandExecutor.execute(DriverCommandExecutor.java:171)
at org.openqa.selenium.remote.RemoteWebDriver.execute(RemoteWebDriver.java:531)
at org.openqa.selenium.remote.RemoteWebDriver.get(RemoteWebDriver.java:295)
at automation.testsuite.day17_btvn.openChrome(day17_btvn.java:17)
at java.base/java.util.ArrayList.forEach(ArrayList.java:1511)
... Removed 36 stack frames]]>
    </failure>
  </testcase> <!-- @BeforeMethod openChrome -->
  <testcase classname="automation.testsuite.day17_btvn" name="@AfterMethod closeChrome" time="-1.702811879384E9">
    <skipped/>
  </testcase> <!-- @AfterMethod closeChrome -->
  <testcase classname="automation.testsuite.day17_handleIframe" name="@BeforeMethod openChrome1" time="37.264">
    <failure type="org.openqa.selenium.TimeoutException" message="timeout: Timed out receiving message from renderer: 29.515
  (Session info: MicrosoftEdge=120.0.2210.77)
Build info: version: &amp;apos;4.10.0&amp;apos;, revision: &amp;apos;c14d967899&amp;apos;
System info: os.name: &amp;apos;Mac OS X&amp;apos;, os.arch: &amp;apos;x86_64&amp;apos;, os.version: &amp;apos;12.0.1&amp;apos;, java.version: &amp;apos;17.0.8.1&amp;apos;
Driver info: org.openqa.selenium.edge.EdgeDriver
Command: [093f2f7a63789317311d731bb0d176d6, get {url=https://codestar.vn/}]
Capabilities {acceptInsecureCerts: false, browserName: MicrosoftEdge, browserVersion: 120.0.2210.77, fedcm:accounts: true, ms:edgeOptions: {debuggerAddress: localhost:62885}, msedge: {msedgedriverVersion: 120.0.2210.77 (e8468c80f044..., userDataDir: /var/folders/qy/s33jq4td7fb...}, networkConnectionEnabled: false, pageLoadStrategy: normal, platformName: mac, proxy: Proxy(), se:cdp: ws://localhost:62885/devtoo..., se:cdpVersion: 120.0.2210.77, setWindowRect: true, strictFileInteractability: false, timeouts: {implicit: 0, pageLoad: 300000, script: 30000}, unhandledPromptBehavior: dismiss and notify, webauthn:extension:credBlob: true, webauthn:extension:largeBlob: true, webauthn:extension:minPinLength: true, webauthn:extension:prf: true, webauthn:virtualAuthenticators: true}
Session ID: 093f2f7a63789317311d731bb0d176d6">
      <![CDATA[org.openqa.selenium.TimeoutException: timeout: Timed out receiving message from renderer: 29.515
  (Session info: MicrosoftEdge=120.0.2210.77)
Build info: version: '4.10.0', revision: 'c14d967899'
System info: os.name: 'Mac OS X', os.arch: 'x86_64', os.version: '12.0.1', java.version: '17.0.8.1'
Driver info: org.openqa.selenium.edge.EdgeDriver
Command: [093f2f7a63789317311d731bb0d176d6, get {url=https://codestar.vn/}]
Capabilities {acceptInsecureCerts: false, browserName: MicrosoftEdge, browserVersion: 120.0.2210.77, fedcm:accounts: true, ms:edgeOptions: {debuggerAddress: localhost:62885}, msedge: {msedgedriverVersion: 120.0.2210.77 (e8468c80f044..., userDataDir: /var/folders/qy/s33jq4td7fb...}, networkConnectionEnabled: false, pageLoadStrategy: normal, platformName: mac, proxy: Proxy(), se:cdp: ws://localhost:62885/devtoo..., se:cdpVersion: 120.0.2210.77, setWindowRect: true, strictFileInteractability: false, timeouts: {implicit: 0, pageLoad: 300000, script: 30000}, unhandledPromptBehavior: dismiss and notify, webauthn:extension:credBlob: true, webauthn:extension:largeBlob: true, webauthn:extension:minPinLength: true, webauthn:extension:prf: true, webauthn:virtualAuthenticators: true}
Session ID: 093f2f7a63789317311d731bb0d176d6
at org.openqa.selenium.remote.codec.w3c.W3CHttpResponseCodec.createException(W3CHttpResponseCodec.java:199)
at org.openqa.selenium.remote.codec.w3c.W3CHttpResponseCodec.decode(W3CHttpResponseCodec.java:132)
at org.openqa.selenium.remote.codec.w3c.W3CHttpResponseCodec.decode(W3CHttpResponseCodec.java:51)
at org.openqa.selenium.remote.HttpCommandExecutor.execute(HttpCommandExecutor.java:191)
at org.openqa.selenium.remote.service.DriverCommandExecutor.invokeExecute(DriverCommandExecutor.java:196)
at org.openqa.selenium.remote.service.DriverCommandExecutor.execute(DriverCommandExecutor.java:171)
at org.openqa.selenium.remote.RemoteWebDriver.execute(RemoteWebDriver.java:531)
at org.openqa.selenium.remote.RemoteWebDriver.get(RemoteWebDriver.java:295)
at automation.testsuite.day17_handleIframe.openChrome1(day17_handleIframe.java:18)
at java.base/java.util.ArrayList.forEach(ArrayList.java:1511)
... Removed 36 stack frames]]>
    </failure>
  </testcase> <!-- @BeforeMethod openChrome1 -->
  <testcase classname="automation.testsuite.day17_handleIframe" name="@AfterMethod closeChrome" time="-1.702811916734E9">
    <skipped/>
  </testcase> <!-- @AfterMethod closeChrome -->
  <testcase classname="automation.testsuite.day17_handleIframe" name="@BeforeMethod openChrome1" time="-1.702811916762E9">
    <skipped/>
  </testcase> <!-- @BeforeMethod openChrome1 -->
  <testcase classname="automation.testsuite.day17_handleIframe" name="@AfterMethod closeChrome" time="-1.702811916789E9">
    <skipped/>
  </testcase> <!-- @AfterMethod closeChrome -->
  <testcase classname="automation.testsuite.day17_btvn" name="testZalo_iFrame" time="0.001">
    <skipped/>
  </testcase> <!-- testZalo_iFrame -->
  <testcase classname="automation.testsuite.day17_handleIframe" name="testDangKyNgay_iFrame" time="0.0">
    <skipped/>
  </testcase> <!-- testDangKyNgay_iFrame -->
  <testcase classname="automation.testsuite.day17_handleIframe" name="testGuiNgay_iFrame" time="0.0">
    <skipped/>
  </testcase> <!-- testGuiNgay_iFrame -->
</testsuite> <!-- AutomationTestProject run on edge -->
